<?xml version="1.0" encoding="UTF-8"?>
<coverage generated="1777126085202" clover="3.2.0">
  <project timestamp="1777126085202" name="All files">
    <metrics statements="30" coveredstatements="25" conditionals="34" coveredconditionals="26" methods="18" coveredmethods="12" elements="82" coveredelements="63" complexity="0" loc="30" ncloc="30" packages="2" files="4" classes="4"/>
    <package name="components">
      <metrics statements="10" coveredstatements="7" conditionals="10" coveredconditionals="6" methods="6" coveredmethods="3"/>
      <file name="Navbar.tsx" path="/Users/zoro/Desktop/election-process-assistant/src/components/Navbar.tsx">
        <metrics statements="10" coveredstatements="7" conditionals="10" coveredconditionals="6" methods="6" coveredmethods="3"/>
        <line num="6" count="1" type="stmt"/>
        <line num="7" count="2" type="stmt"/>
        <line num="8" count="2" type="stmt"/>
        <line num="10" count="2" type="stmt"/>
        <line num="17" count="16" type="stmt"/>
        <line num="19" count="2" type="stmt"/>
        <line num="37" count="8" type="stmt"/>
        <line num="60" count="0" type="stmt"/>
        <line num="79" count="0" type="stmt"/>
        <line num="82" count="0" type="stmt"/>
      </file>
    </package>
    <package name="pages">
      <metrics statements="20" coveredstatements="18" conditionals="24" coveredconditionals="20" methods="12" coveredmethods="9"/>
      <file name="Home.tsx" path="/Users/zoro/Desktop/election-process-assistant/src/pages/Home.tsx">
        <metrics statements="4" coveredstatements="4" conditionals="0" coveredconditionals="0" methods="2" coveredmethods="2"/>
        <line num="14" count="1" type="stmt"/>
        <line num="15" count="2" type="stmt"/>
        <line num="68" count="6" type="stmt"/>
        <line num="100" count="1" type="stmt"/>
      </file>
      <file name="Process.tsx" path="/Users/zoro/Desktop/election-process-assistant/src/pages/Process.tsx">
        <metrics statements="12" coveredstatements="10" conditionals="22" coveredconditionals="18" methods="8" coveredmethods="5"/>
        <line num="8" count="1" type="stmt"/>
        <line num="73" count="1" type="stmt"/>
        <line num="74" count="3" type="stmt"/>
        <line num="76" count="3" type="stmt"/>
        <line num="77" count="1" type="cond" truecount="1" falsecount="1"/>
        <line num="80" count="3" type="stmt"/>
        <line num="81" count="0" type="cond" truecount="0" falsecount="2"/>
        <line num="84" count="3" type="stmt"/>
        <line num="86" count="3" type="stmt"/>
        <line num="103" count="15" type="cond" truecount="2" falsecount="0"/>
        <line num="108" count="0" type="stmt"/>
        <line num="173" count="12" type="stmt"/>
      </file>
      <file name="Timeline.tsx" path="/Users/zoro/Desktop/election-process-assistant/src/pages/Timeline.tsx">
        <metrics statements="4" coveredstatements="4" conditionals="2" coveredconditionals="2" methods="2" coveredmethods="2"/>
        <line num="12" count="1" type="stmt"/>
        <line num="13" count="2" type="stmt"/>
        <line num="26" count="20" type="stmt"/>
        <line num="63" count="1" type="stmt"/>
      </file>
    </package>
  </project>
</coverage>
