{"/Users/zoro/Desktop/election-process-assistant/src/components/Navbar.tsx": {"path":"/Users/zoro/Desktop/election-process-assistant/src/components/Navbar.tsx","statementMap":{"0":{"start":{"line":6,"column":13},"end":{"line":93,"column":null}},"1":{"start":{"line":7,"column":30},"end":{"line":7,"column":51}},"2":{"start":{"line":8,"column":8},"end":{"line":8,"column":32}},"3":{"start":{"line":10,"column":16},"end":{"line":15,"column":null}},"4":{"start":{"line":17,"column":8},"end":{"line":17,"column":null}},"5":{"start":{"line":17,"column":37},"end":{"line":17,"column":null}},"6":{"start":{"line":19,"column":2},"end":{"line":93,"column":null}},"7":{"start":{"line":37,"column":14},"end":{"line":53,"column":null}},"8":{"start":{"line":60,"column":29},"end":{"line":60,"column":47}},"9":{"start":{"line":79,"column":14},"end":{"line":90,"column":null}},"10":{"start":{"line":82,"column":31},"end":{"line":82,"column":47}}},"fnMap":{"0":{"name":"(anonymous_0)","decl":{"start":{"line":6,"column":13},"end":{"line":6,"column":38}},"loc":{"start":{"line":6,"column":38},"end":{"line":93,"column":null}},"line":6},"1":{"name":"(anonymous_1)","decl":{"start":{"line":17,"column":8},"end":{"line":17,"column":20}},"loc":{"start":{"line":17,"column":37},"end":{"line":17,"column":null}},"line":17},"2":{"name":"(anonymous_2)","decl":{"start":{"line":36,"column":19},"end":{"line":36,"column":24}},"loc":{"start":{"line":37,"column":14},"end":{"line":53,"column":null}},"line":37},"3":{"name":"(anonymous_3)","decl":{"start":{"line":60,"column":14},"end":{"line":60,"column":29}},"loc":{"start":{"line":60,"column":29},"end":{"line":60,"column":47}},"line":60},"4":{"name":"(anonymous_4)","decl":{"start":{"line":78,"column":19},"end":{"line":78,"column":24}},"loc":{"start":{"line":79,"column":14},"end":{"line":90,"column":null}},"line":79},"5":{"name":"(anonymous_5)","decl":{"start":{"line":82,"column":16},"end":{"line":82,"column":31}},"loc":{"start":{"line":82,"column":31},"end":{"line":82,"column":47}},"line":82}},"branchMap":{"0":{"loc":{"start":{"line":42,"column":33},"end":{"line":42,"column":null}},"type":"cond-expr","locations":[{"start":{"line":42,"column":55},"end":{"line":42,"column":94}},{"start":{"line":42,"column":94},"end":{"line":42,"column":null}}],"line":42},"1":{"loc":{"start":{"line":45,"column":17},"end":{"line":51,"column":null}},"type":"binary-expr","locations":[{"start":{"line":45,"column":17},"end":{"line":45,"column":36}},{"start":{"line":46,"column":18},"end":{"line":51,"column":null}}],"line":45},"2":{"loc":{"start":{"line":64,"column":15},"end":{"line":67,"column":null}},"type":"cond-expr","locations":[{"start":{"line":65,"column":16},"end":{"line":67,"column":17}},{"start":{"line":67,"column":16},"end":{"line":67,"column":null}}],"line":64},"3":{"loc":{"start":{"line":75,"column":7},"end":{"line":93,"column":null}},"type":"binary-expr","locations":[{"start":{"line":75,"column":7},"end":{"line":75,"column":null}},{"start":{"line":76,"column":8},"end":{"line":93,"column":null}}],"line":75},"4":{"loc":{"start":{"line":84,"column":18},"end":{"line":86,"column":null}},"type":"cond-expr","locations":[{"start":{"line":85,"column":22},"end":{"line":85,"column":null}},{"start":{"line":86,"column":22},"end":{"line":86,"column":null}}],"line":84}},"s":{"0":1,"1":2,"2":2,"3":2,"4":2,"5":16,"6":2,"7":8,"8":0,"9":0,"10":0},"f":{"0":2,"1":16,"2":8,"3":0,"4":0,"5":0},"b":{"0":[2,6],"1":[8,2],"2":[0,2],"3":[2,0],"4":[0,0]},"meta":{"lastBranch":5,"lastFunction":6,"lastStatement":11,"seen":{"s:6:13:93:Infinity":0,"f:6:13:6:38":0,"s:7:30:7:51":1,"s:8:8:8:32":2,"s:10:16:15:Infinity":3,"s:17:8:17:Infinity":4,"f:17:8:17:20":1,"s:17:37:17:Infinity":5,"s:19:2:93:Infinity":6,"f:36:19:36:24":2,"s:37:14:53:Infinity":7,"b:42:55:42:94:42:94:42:Infinity":0,"b:45:17:45:36:46:18:51:Infinity":1,"f:60:14:60:29":3,"s:60:29:60:47":8,"b:65:16:67:17:67:16:67:Infinity":2,"b:75:7:75:Infinity:76:8:93:Infinity":3,"f:78:19:78:24":4,"s:79:14:90:Infinity":9,"f:82:16:82:31":5,"s:82:31:82:47":10,"b:85:22:85:Infinity:86:22:86:Infinity":4}}}
,"/Users/zoro/Desktop/election-process-assistant/src/pages/Home.tsx": {"path":"/Users/zoro/Desktop/election-process-assistant/src/pages/Home.tsx","statementMap":{"0":{"start":{"line":14,"column":13},"end":{"line":95,"column":null}},"1":{"start":{"line":15,"column":2},"end":{"line":95,"column":null}},"2":{"start":{"line":68,"column":14},"end":{"line":91,"column":null}},"3":{"start":{"line":100,"column":17},"end":{"line":125,"column":null}}},"fnMap":{"0":{"name":"(anonymous_0)","decl":{"start":{"line":14,"column":13},"end":{"line":14,"column":36}},"loc":{"start":{"line":14,"column":36},"end":{"line":95,"column":null}},"line":14},"1":{"name":"(anonymous_1)","decl":{"start":{"line":67,"column":22},"end":{"line":67,"column":27}},"loc":{"start":{"line":68,"column":14},"end":{"line":91,"column":null}},"line":68}},"branchMap":{},"s":{"0":1,"1":2,"2":6,"3":1},"f":{"0":2,"1":6},"b":{},"meta":{"lastBranch":0,"lastFunction":2,"lastStatement":4,"seen":{"s:14:13:95:Infinity":0,"f:14:13:14:36":0,"s:15:2:95:Infinity":1,"f:67:22:67:27":1,"s:68:14:91:Infinity":2,"s:100:17:125:Infinity":3}}}
,"/Users/zoro/Desktop/election-process-assistant/src/pages/Process.tsx": {"path":"/Users/zoro/Desktop/election-process-assistant/src/pages/Process.tsx","statementMap":{"0":{"start":{"line":8,"column":14},"end":{"line":64,"column":null}},"1":{"start":{"line":73,"column":13},"end":{"line":216,"column":null}},"2":{"start":{"line":74,"column":21},"end":{"line":74,"column":49}},"3":{"start":{"line":76,"column":8},"end":{"line":77,"column":null}},"4":{"start":{"line":77,"column":4},"end":{"line":77,"column":null}},"5":{"start":{"line":77,"column":39},"end":{"line":77,"column":null}},"6":{"start":{"line":77,"column":61},"end":{"line":77,"column":70}},"7":{"start":{"line":80,"column":8},"end":{"line":81,"column":null}},"8":{"start":{"line":81,"column":4},"end":{"line":81,"column":null}},"9":{"start":{"line":81,"column":24},"end":{"line":81,"column":null}},"10":{"start":{"line":81,"column":46},"end":{"line":81,"column":55}},"11":{"start":{"line":84,"column":22},"end":{"line":84,"column":null}},"12":{"start":{"line":86,"column":2},"end":{"line":216,"column":null}},"13":{"start":{"line":103,"column":16},"end":{"line":136,"column":null}},"14":{"start":{"line":108,"column":35},"end":{"line":108,"column":55}},"15":{"start":{"line":173,"column":26},"end":{"line":176,"column":null}}},"fnMap":{"0":{"name":"(anonymous_0)","decl":{"start":{"line":73,"column":13},"end":{"line":73,"column":39}},"loc":{"start":{"line":73,"column":39},"end":{"line":216,"column":null}},"line":73},"1":{"name":"(anonymous_1)","decl":{"start":{"line":76,"column":8},"end":{"line":76,"column":27}},"loc":{"start":{"line":76,"column":27},"end":{"line":77,"column":null}},"line":76},"2":{"name":"(anonymous_2)","decl":{"start":{"line":77,"column":39},"end":{"line":77,"column":53}},"loc":{"start":{"line":77,"column":61},"end":{"line":77,"column":70}},"line":77},"3":{"name":"(anonymous_3)","decl":{"start":{"line":80,"column":8},"end":{"line":80,"column":27}},"loc":{"start":{"line":80,"column":27},"end":{"line":81,"column":null}},"line":80},"4":{"name":"(anonymous_4)","decl":{"start":{"line":81,"column":24},"end":{"line":81,"column":38}},"loc":{"start":{"line":81,"column":46},"end":{"line":81,"column":55}},"line":81},"5":{"name":"(anonymous_5)","decl":{"start":{"line":102,"column":21},"end":{"line":102,"column":26}},"loc":{"start":{"line":103,"column":16},"end":{"line":136,"column":null}},"line":103},"6":{"name":"(anonymous_6)","decl":{"start":{"line":108,"column":20},"end":{"line":108,"column":35}},"loc":{"start":{"line":108,"column":35},"end":{"line":108,"column":55}},"line":108},"7":{"name":"(anonymous_7)","decl":{"start":{"line":172,"column":51},"end":{"line":172,"column":56}},"loc":{"start":{"line":173,"column":26},"end":{"line":176,"column":null}},"line":173}},"branchMap":{"0":{"loc":{"start":{"line":77,"column":4},"end":{"line":77,"column":null}},"type":"if","locations":[{"start":{"line":77,"column":4},"end":{"line":77,"column":null}},{"start":{},"end":{}}],"line":77},"1":{"loc":{"start":{"line":81,"column":4},"end":{"line":81,"column":null}},"type":"if","locations":[{"start":{"line":81,"column":4},"end":{"line":81,"column":null}},{"start":{},"end":{}}],"line":81},"2":{"loc":{"start":{"line":103,"column":59},"end":{"line":103,"column":null}},"type":"cond-expr","locations":[{"start":{"line":103,"column":88},"end":{"line":103,"column":98}},{"start":{"line":103,"column":98},"end":{"line":103,"column":null}}],"line":103},"3":{"loc":{"start":{"line":104,"column":19},"end":{"line":106,"column":null}},"type":"cond-expr","locations":[{"start":{"line":105,"column":20},"end":{"line":106,"column":null}},{"start":{"line":106,"column":22},"end":{"line":106,"column":null}}],"line":104},"4":{"loc":{"start":{"line":110,"column":34},"end":{"line":110,"column":null}},"type":"cond-expr","locations":[{"start":{"line":110,"column":57},"end":{"line":110,"column":66}},{"start":{"line":110,"column":66},"end":{"line":110,"column":null}}],"line":110},"5":{"loc":{"start":{"line":113,"column":23},"end":{"line":124,"column":null}},"type":"cond-expr","locations":[{"start":{"line":114,"column":24},"end":{"line":117,"column":36}},{"start":{"line":117,"column":26},"end":{"line":124,"column":null}}],"line":113},"6":{"loc":{"start":{"line":117,"column":26},"end":{"line":124,"column":null}},"type":"cond-expr","locations":[{"start":{"line":118,"column":24},"end":{"line":122,"column":25}},{"start":{"line":122,"column":24},"end":{"line":124,"column":null}}],"line":117},"7":{"loc":{"start":{"line":128,"column":88},"end":{"line":128,"column":171}},"type":"cond-expr","locations":[{"start":{"line":128,"column":110},"end":{"line":128,"column":127}},{"start":{"line":128,"column":127},"end":{"line":128,"column":171}}],"line":128},"8":{"loc":{"start":{"line":131,"column":62},"end":{"line":131,"column":null}},"type":"cond-expr","locations":[{"start":{"line":131,"column":85},"end":{"line":131,"column":128}},{"start":{"line":131,"column":128},"end":{"line":131,"column":null}}],"line":131},"9":{"loc":{"start":{"line":191,"column":18},"end":{"line":193,"column":null}},"type":"cond-expr","locations":[{"start":{"line":192,"column":22},"end":{"line":192,"column":null}},{"start":{"line":193,"column":22},"end":{"line":193,"column":null}}],"line":191},"10":{"loc":{"start":{"line":207,"column":18},"end":{"line":209,"column":null}},"type":"cond-expr","locations":[{"start":{"line":208,"column":22},"end":{"line":208,"column":null}},{"start":{"line":209,"column":22},"end":{"line":209,"column":null}}],"line":207}},"s":{"0":1,"1":1,"2":3,"3":3,"4":1,"5":1,"6":1,"7":3,"8":0,"9":0,"10":0,"11":3,"12":3,"13":15,"14":0,"15":12},"f":{"0":3,"1":1,"2":1,"3":0,"4":0,"5":15,"6":0,"7":12},"b":{"0":[1,0],"1":[0,0],"2":[12,3],"3":[12,3],"4":[3,12],"5":[1,14],"6":[3,11],"7":[4,11],"8":[3,12],"9":[2,1],"10":[0,3]},"meta":{"lastBranch":11,"lastFunction":8,"lastStatement":16,"seen":{"s:8:14:64:Infinity":0,"s:73:13:216:Infinity":1,"f:73:13:73:39":0,"s:74:21:74:49":2,"s:76:8:77:Infinity":3,"f:76:8:76:27":1,"b:77:4:77:Infinity:undefined:undefined:undefined:undefined":0,"s:77:4:77:Infinity":4,"s:77:39:77:Infinity":5,"f:77:39:77:53":2,"s:77:61:77:70":6,"s:80:8:81:Infinity":7,"f:80:8:80:27":3,"b:81:4:81:Infinity:undefined:undefined:undefined:undefined":1,"s:81:4:81:Infinity":8,"s:81:24:81:Infinity":9,"f:81:24:81:38":4,"s:81:46:81:55":10,"s:84:22:84:Infinity":11,"s:86:2:216:Infinity":12,"f:102:21:102:26":5,"s:103:16:136:Infinity":13,"b:103:88:103:98:103:98:103:Infinity":2,"b:105:20:106:Infinity:106:22:106:Infinity":3,"f:108:20:108:35":6,"s:108:35:108:55":14,"b:110:57:110:66:110:66:110:Infinity":4,"b:114:24:117:36:117:26:124:Infinity":5,"b:118:24:122:25:122:24:124:Infinity":6,"b:128:110:128:127:128:127:128:171":7,"b:131:85:131:128:131:128:131:Infinity":8,"f:172:51:172:56":7,"s:173:26:176:Infinity":15,"b:192:22:192:Infinity:193:22:193:Infinity":9,"b:208:22:208:Infinity:209:22:209:Infinity":10}}}
,"/Users/zoro/Desktop/election-process-assistant/src/pages/Timeline.tsx": {"path":"/Users/zoro/Desktop/election-process-assistant/src/pages/Timeline.tsx","statementMap":{"0":{"start":{"line":12,"column":13},"end":{"line":58,"column":null}},"1":{"start":{"line":13,"column":2},"end":{"line":58,"column":null}},"2":{"start":{"line":26,"column":10},"end":{"line":56,"column":null}},"3":{"start":{"line":63,"column":23},"end":{"line":116,"column":null}}},"fnMap":{"0":{"name":"(anonymous_0)","decl":{"start":{"line":12,"column":13},"end":{"line":12,"column":40}},"loc":{"start":{"line":12,"column":40},"end":{"line":58,"column":null}},"line":12},"1":{"name":"(anonymous_1)","decl":{"start":{"line":25,"column":24},"end":{"line":25,"column":29}},"loc":{"start":{"line":26,"column":10},"end":{"line":56,"column":null}},"line":26}},"branchMap":{"0":{"loc":{"start":{"line":49,"column":15},"end":{"line":52,"column":null}},"type":"binary-expr","locations":[{"start":{"line":49,"column":15},"end":{"line":49,"column":null}},{"start":{"line":50,"column":16},"end":{"line":52,"column":null}}],"line":49}},"s":{"0":1,"1":2,"2":20,"3":1},"f":{"0":2,"1":20},"b":{"0":[20,4]},"meta":{"lastBranch":1,"lastFunction":2,"lastStatement":4,"seen":{"s:12:13:58:Infinity":0,"f:12:13:12:40":0,"s:13:2:58:Infinity":1,"f:25:24:25:29":1,"s:26:10:56:Infinity":2,"b:49:15:49:Infinity:50:16:52:Infinity":0,"s:63:23:116:Infinity":3}}}
}
